{"/Users/tahiry/Documents/sources_hei/Projetcs/signcraft/src/components/Navbar.tsx": {"path":"/Users/tahiry/Documents/sources_hei/Projetcs/signcraft/src/components/Navbar.tsx","statementMap":{"0":{"start":{"line":1,"column":0},"end":{"line":1,"column":40}},"1":{"start":{"line":2,"column":0},"end":{"line":2,"column":66}},"2":{"start":{"line":3,"column":0},"end":{"line":3,"column":38}},"3":{"start":{"line":4,"column":0},"end":{"line":4,"column":46}},"4":{"start":{"line":5,"column":0},"end":{"line":5,"column":35}},"5":{"start":{"line":6,"column":0},"end":{"line":6,"column":71}},"6":{"start":{"line":8,"column":17},"end":{"line":20,"column":1}},"7":{"start":{"line":9,"column":49},"end":{"line":9,"column":54}},"8":{"start":{"line":10,"column":1},"end":{"line":19,"column":3}},"9":{"start":{"line":22,"column":15},"end":{"line":73,"column":1}},"10":{"start":{"line":23,"column":1},"end":{"line":72,"column":3}},"11":{"start":{"line":54,"column":22},"end":{"line":54,"column":30}},"12":{"start":{"line":75,"column":0},"end":{"line":79,"column":2}},"13":{"start":{"line":81,"column":0},"end":{"line":81,"column":22}}},"fnMap":{"0":{"name":"(anonymous_1)","decl":{"start":{"line":8,"column":17},"end":{"line":8,"column":18}},"loc":{"start":{"line":8,"column":27},"end":{"line":20,"column":1}}},"1":{"name":"(anonymous_2)","decl":{"start":{"line":22,"column":15},"end":{"line":22,"column":16}},"loc":{"start":{"line":22,"column":25},"end":{"line":73,"column":1}}},"2":{"name":"(anonymous_3)","decl":{"start":{"line":54,"column":16},"end":{"line":54,"column":19}},"loc":{"start":{"line":54,"column":22},"end":{"line":54,"column":30}}}},"branchMap":{"0":{"loc":{"start":{"line":9,"column":27},"end":{"line":9,"column":35}},"type":"default-arg","locations":[{"start":{"line":9,"column":32},"end":{"line":9,"column":35}}]},"1":{"loc":{"start":{"line":12,"column":15},"end":{"line":12,"column":29}},"type":"cond-expr","locations":[{"start":{"line":12,"column":24},"end":{"line":12,"column":25}},{"start":{"line":12,"column":28},"end":{"line":12,"column":29}}]},"2":{"loc":{"start":{"line":13,"column":22},"end":{"line":13,"column":36}},"type":"cond-expr","locations":[{"start":{"line":13,"column":31},"end":{"line":13,"column":32}},{"start":{"line":13,"column":35},"end":{"line":13,"column":36}}]}},"s":{"0":1,"1":1,"2":1,"3":1,"4":1,"5":1,"6":1,"7":0,"8":0,"9":1,"10":4,"11":0,"12":1,"13":1},"f":{"0":0,"1":4,"2":0},"b":{"0":[0],"1":[0,0],"2":[0,0]}}
,"/Users/tahiry/Documents/sources_hei/Projetcs/signcraft/src/components/history/History.tsx": {"path":"/Users/tahiry/Documents/sources_hei/Projetcs/signcraft/src/components/history/History.tsx","statementMap":{"0":{"start":{"line":1,"column":0},"end":{"line":1,"column":null}},"1":{"start":{"line":7,"column":0},"end":{"line":7,"column":56}},"2":{"start":{"line":8,"column":0},"end":{"line":8,"column":58}},"3":{"start":{"line":9,"column":0},"end":{"line":9,"column":null}},"4":{"start":{"line":20,"column":0},"end":{"line":20,"column":50}},"5":{"start":{"line":23,"column":25},"end":{"line":23,"column":48}},"6":{"start":{"line":24,"column":27},"end":{"line":24,"column":59}},"7":{"start":{"line":26,"column":22},"end":{"line":28,"column":2}},"8":{"start":{"line":27,"column":2},"end":{"line":27,"column":43}},"9":{"start":{"line":30,"column":18},"end":{"line":38,"column":2}},"10":{"start":{"line":31,"column":2},"end":{"line":37,"column":6}},"11":{"start":{"line":33,"column":4},"end":{"line":33,"column":22}},"12":{"start":{"line":36,"column":4},"end":{"line":36,"column":23}},"13":{"start":{"line":40,"column":1},"end":{"line":50,"column":19}},"14":{"start":{"line":41,"column":20},"end":{"line":41,"column":64}},"15":{"start":{"line":42,"column":2},"end":{"line":49,"column":6}},"16":{"start":{"line":44,"column":22},"end":{"line":44,"column":31}},"17":{"start":{"line":45,"column":4},"end":{"line":45,"column":24}},"18":{"start":{"line":48,"column":4},"end":{"line":48,"column":50}},"19":{"start":{"line":52,"column":1},"end":{"line":52,"column":23}},"20":{"start":{"line":53,"column":1},"end":{"line":76,"column":3}},"21":{"start":{"line":64,"column":6},"end":{"line":64,"column":null}},"22":{"start":{"line":67,"column":31},"end":{"line":67,"column":54}},"23":{"start":{"line":22,"column":0},"end":{"line":22,"column":16}}},"fnMap":{"0":{"name":"History","decl":{"start":{"line":22,"column":16},"end":{"line":22,"column":23}},"loc":{"start":{"line":22,"column":23},"end":{"line":77,"column":1}}},"1":{"name":"(anonymous_1)","decl":{"start":{"line":26,"column":22},"end":{"line":26,"column":23}},"loc":{"start":{"line":26,"column":30},"end":{"line":28,"column":2}}},"2":{"name":"(anonymous_2)","decl":{"start":{"line":30,"column":18},"end":{"line":30,"column":19}},"loc":{"start":{"line":30,"column":35},"end":{"line":38,"column":2}}},"3":{"name":"(anonymous_3)","decl":{"start":{"line":32,"column":9},"end":{"line":32,"column":10}},"loc":{"start":{"line":32,"column":17},"end":{"line":34,"column":4}}},"4":{"name":"(anonymous_4)","decl":{"start":{"line":35,"column":10},"end":{"line":35,"column":11}},"loc":{"start":{"line":35,"column":20},"end":{"line":37,"column":4}}},"5":{"name":"(anonymous_5)","decl":{"start":{"line":40,"column":11},"end":{"line":40,"column":14}},"loc":{"start":{"line":40,"column":16},"end":{"line":50,"column":2}}},"6":{"name":"(anonymous_6)","decl":{"start":{"line":43,"column":9},"end":{"line":43,"column":10}},"loc":{"start":{"line":43,"column":17},"end":{"line":46,"column":4}}},"7":{"name":"(anonymous_7)","decl":{"start":{"line":47,"column":10},"end":{"line":47,"column":11}},"loc":{"start":{"line":47,"column":20},"end":{"line":49,"column":4}}},"8":{"name":"(anonymous_8)","decl":{"start":{"line":63,"column":16},"end":{"line":63,"column":17}},"loc":{"start":{"line":64,"column":6},"end":{"line":64,"column":null}}},"9":{"name":"(anonymous_9)","decl":{"start":{"line":67,"column":25},"end":{"line":67,"column":28}},"loc":{"start":{"line":67,"column":31},"end":{"line":67,"column":54}}}},"branchMap":{},"s":{"0":1,"1":1,"2":1,"3":1,"4":1,"5":6,"6":6,"7":5,"8":0,"9":5,"10":0,"11":0,"12":0,"13":5,"14":2,"15":2,"16":1,"17":1,"18":1,"19":5,"20":5,"21":4,"22":0,"23":1},"f":{"0":6,"1":0,"2":0,"3":0,"4":0,"5":2,"6":1,"7":1,"8":4,"9":0},"b":{}}
,"/Users/tahiry/Documents/sources_hei/Projetcs/signcraft/src/security/AuthProvider.tsx": {"path":"/Users/tahiry/Documents/sources_hei/Projetcs/signcraft/src/security/AuthProvider.tsx","statementMap":{"0":{"start":{"line":2,"column":0},"end":{"line":2,"column":59}},"1":{"start":{"line":4,"column":0},"end":{"line":4,"column":35}},"2":{"start":{"line":5,"column":0},"end":{"line":5,"column":44}},"3":{"start":{"line":7,"column":13},"end":{"line":11,"column":3}},"4":{"start":{"line":16,"column":50},"end":{"line":33,"column":1}},"5":{"start":{"line":17,"column":39},"end":{"line":17,"column":66}},"6":{"start":{"line":18,"column":1},"end":{"line":18,"column":26}},"7":{"start":{"line":20,"column":1},"end":{"line":26,"column":8}},"8":{"start":{"line":21,"column":22},"end":{"line":23,"column":4}},"9":{"start":{"line":22,"column":3},"end":{"line":22,"column":24}},"10":{"start":{"line":25,"column":2},"end":{"line":25,"column":21}},"11":{"start":{"line":28,"column":1},"end":{"line":32,"column":3}},"12":{"start":{"line":35,"column":0},"end":{"line":37,"column":2}},"13":{"start":{"line":39,"column":0},"end":{"line":39,"column":28}}},"fnMap":{"0":{"name":"(anonymous_1)","decl":{"start":{"line":16,"column":50},"end":{"line":16,"column":51}},"loc":{"start":{"line":16,"column":67},"end":{"line":33,"column":1}}},"1":{"name":"(anonymous_2)","decl":{"start":{"line":20,"column":11},"end":{"line":20,"column":14}},"loc":{"start":{"line":20,"column":16},"end":{"line":26,"column":2}}},"2":{"name":"(anonymous_3)","decl":{"start":{"line":21,"column":46},"end":{"line":21,"column":47}},"loc":{"start":{"line":21,"column":55},"end":{"line":23,"column":3}}}},"branchMap":{},"s":{"0":1,"1":1,"2":1,"3":1,"4":1,"5":0,"6":0,"7":0,"8":0,"9":0,"10":0,"11":0,"12":1,"13":1},"f":{"0":0,"1":0,"2":0},"b":{}}
,"/Users/tahiry/Documents/sources_hei/Projetcs/signcraft/src/utils/routes.ts": {"path":"/Users/tahiry/Documents/sources_hei/Projetcs/signcraft/src/utils/routes.ts","statementMap":{"0":{"start":{"line":2,"column":13},"end":{"line":2,"column":30}},"1":{"start":{"line":4,"column":13},"end":{"line":4,"column":36}},"2":{"start":{"line":5,"column":13},"end":{"line":5,"column":38}},"3":{"start":{"line":7,"column":13},"end":{"line":7,"column":34}},"4":{"start":{"line":8,"column":13},"end":{"line":8,"column":41}}},"fnMap":{},"branchMap":{},"s":{"0":1,"1":1,"2":1,"3":1,"4":1},"f":{},"b":{}}
}
