{"/home/micael-jerry/MyFolder/L3/PROG5/PROG5-P1/signcraft/signcraft/src/components/Navbar.tsx": {"path":"/home/micael-jerry/MyFolder/L3/PROG5/PROG5-P1/signcraft/signcraft/src/components/Navbar.tsx","statementMap":{"0":{"start":{"line":1,"column":0},"end":{"line":1,"column":40}},"1":{"start":{"line":2,"column":0},"end":{"line":2,"column":66}},"2":{"start":{"line":3,"column":0},"end":{"line":3,"column":38}},"3":{"start":{"line":4,"column":0},"end":{"line":4,"column":46}},"4":{"start":{"line":5,"column":0},"end":{"line":5,"column":35}},"5":{"start":{"line":6,"column":0},"end":{"line":6,"column":71}},"6":{"start":{"line":8,"column":17},"end":{"line":20,"column":1}},"7":{"start":{"line":9,"column":49},"end":{"line":9,"column":54}},"8":{"start":{"line":10,"column":1},"end":{"line":19,"column":3}},"9":{"start":{"line":22,"column":15},"end":{"line":73,"column":1}},"10":{"start":{"line":23,"column":1},"end":{"line":72,"column":3}},"11":{"start":{"line":54,"column":22},"end":{"line":54,"column":30}},"12":{"start":{"line":75,"column":0},"end":{"line":79,"column":2}},"13":{"start":{"line":81,"column":0},"end":{"line":81,"column":22}}},"fnMap":{"0":{"name":"(anonymous_1)","decl":{"start":{"line":8,"column":17},"end":{"line":8,"column":18}},"loc":{"start":{"line":8,"column":27},"end":{"line":20,"column":1}}},"1":{"name":"(anonymous_2)","decl":{"start":{"line":22,"column":15},"end":{"line":22,"column":16}},"loc":{"start":{"line":22,"column":25},"end":{"line":73,"column":1}}},"2":{"name":"(anonymous_3)","decl":{"start":{"line":54,"column":16},"end":{"line":54,"column":19}},"loc":{"start":{"line":54,"column":22},"end":{"line":54,"column":30}}}},"branchMap":{"0":{"loc":{"start":{"line":9,"column":27},"end":{"line":9,"column":35}},"type":"default-arg","locations":[{"start":{"line":9,"column":32},"end":{"line":9,"column":35}}]},"1":{"loc":{"start":{"line":12,"column":15},"end":{"line":12,"column":29}},"type":"cond-expr","locations":[{"start":{"line":12,"column":24},"end":{"line":12,"column":25}},{"start":{"line":12,"column":28},"end":{"line":12,"column":29}}]},"2":{"loc":{"start":{"line":13,"column":22},"end":{"line":13,"column":36}},"type":"cond-expr","locations":[{"start":{"line":13,"column":31},"end":{"line":13,"column":32}},{"start":{"line":13,"column":35},"end":{"line":13,"column":36}}]}},"s":{"0":1,"1":1,"2":1,"3":1,"4":1,"5":1,"6":1,"7":0,"8":0,"9":1,"10":4,"11":0,"12":1,"13":1},"f":{"0":0,"1":4,"2":0},"b":{"0":[0],"1":[0,0],"2":[0,0]}}
,"/home/micael-jerry/MyFolder/L3/PROG5/PROG5-P1/signcraft/signcraft/src/components/auth/Auth.tsx": {"path":"/home/micael-jerry/MyFolder/L3/PROG5/PROG5-P1/signcraft/signcraft/src/components/auth/Auth.tsx","statementMap":{"0":{"start":{"line":1,"column":0},"end":{"line":1,"column":52}},"1":{"start":{"line":2,"column":0},"end":{"line":2,"column":35}},"2":{"start":{"line":3,"column":0},"end":{"line":3,"column":49}},"3":{"start":{"line":4,"column":0},"end":{"line":4,"column":55}},"4":{"start":{"line":5,"column":0},"end":{"line":5,"column":47}},"5":{"start":{"line":6,"column":0},"end":{"line":6,"column":47}},"6":{"start":{"line":7,"column":0},"end":{"line":7,"column":51}},"7":{"start":{"line":8,"column":0},"end":{"line":8,"column":35}},"8":{"start":{"line":9,"column":0},"end":{"line":9,"column":47}},"9":{"start":{"line":12,"column":0},"end":{"line":12,"column":68}},"10":{"start":{"line":13,"column":0},"end":{"line":13,"column":51}},"11":{"start":{"line":14,"column":0},"end":{"line":14,"column":48}},"12":{"start":{"line":24,"column":41},"end":{"line":86,"column":1}},"13":{"start":{"line":25,"column":18},"end":{"line":25,"column":31}},"14":{"start":{"line":26,"column":22},"end":{"line":33,"column":2}},"15":{"start":{"line":27,"column":2},"end":{"line":32,"column":64}},"16":{"start":{"line":29,"column":4},"end":{"line":29,"column":24}},"17":{"start":{"line":30,"column":4},"end":{"line":30,"column":30}},"18":{"start":{"line":32,"column":36},"end":{"line":32,"column":62}},"19":{"start":{"line":34,"column":27},"end":{"line":41,"column":2}},"20":{"start":{"line":35,"column":2},"end":{"line":40,"column":64}},"21":{"start":{"line":37,"column":4},"end":{"line":37,"column":24}},"22":{"start":{"line":38,"column":4},"end":{"line":38,"column":30}},"23":{"start":{"line":40,"column":36},"end":{"line":40,"column":62}},"24":{"start":{"line":43,"column":16},"end":{"line":52,"column":3}},"25":{"start":{"line":50,"column":3},"end":{"line":50,"column":62}},"26":{"start":{"line":54,"column":1},"end":{"line":85,"column":3}},"27":{"start":{"line":24,"column":13},"end":{"line":24,"column":41}},"28":{"start":{"line":88,"column":0},"end":{"line":90,"column":2}}},"fnMap":{"0":{"name":"(anonymous_1)","decl":{"start":{"line":24,"column":41},"end":{"line":24,"column":42}},"loc":{"start":{"line":24,"column":57},"end":{"line":86,"column":1}}},"1":{"name":"(anonymous_2)","decl":{"start":{"line":26,"column":22},"end":{"line":26,"column":23}},"loc":{"start":{"line":26,"column":45},"end":{"line":33,"column":2}}},"2":{"name":"(anonymous_3)","decl":{"start":{"line":28,"column":9},"end":{"line":28,"column":10}},"loc":{"start":{"line":28,"column":36},"end":{"line":31,"column":4}}},"3":{"name":"(anonymous_4)","decl":{"start":{"line":32,"column":10},"end":{"line":32,"column":11}},"loc":{"start":{"line":32,"column":36},"end":{"line":32,"column":62}}},"4":{"name":"(anonymous_5)","decl":{"start":{"line":34,"column":27},"end":{"line":34,"column":28}},"loc":{"start":{"line":34,"column":50},"end":{"line":41,"column":2}}},"5":{"name":"(anonymous_6)","decl":{"start":{"line":36,"column":9},"end":{"line":36,"column":10}},"loc":{"start":{"line":36,"column":36},"end":{"line":39,"column":4}}},"6":{"name":"(anonymous_7)","decl":{"start":{"line":40,"column":10},"end":{"line":40,"column":11}},"loc":{"start":{"line":40,"column":36},"end":{"line":40,"column":62}}},"7":{"name":"(anonymous_8)","decl":{"start":{"line":49,"column":12},"end":{"line":49,"column":13}},"loc":{"start":{"line":49,"column":23},"end":{"line":51,"column":3}}}},"branchMap":{"0":{"loc":{"start":{"line":50,"column":3},"end":{"line":50,"column":61}},"type":"cond-expr","locations":[{"start":{"line":50,"column":13},"end":{"line":50,"column":33}},{"start":{"line":50,"column":36},"end":{"line":50,"column":61}}]},"1":{"loc":{"start":{"line":69,"column":8},"end":{"line":70,"column":null}},"type":"binary-expr","locations":[{"start":{"line":69,"column":8},"end":{"line":69,"column":28}},{"start":{"line":69,"column":32},"end":{"line":69,"column":51}},{"start":{"line":70,"column":8},"end":{"line":70,"column":60}}]},"2":{"loc":{"start":{"line":76,"column":8},"end":{"line":77,"column":null}},"type":"binary-expr","locations":[{"start":{"line":76,"column":8},"end":{"line":76,"column":31}},{"start":{"line":76,"column":35},"end":{"line":76,"column":57}},{"start":{"line":77,"column":8},"end":{"line":77,"column":63}}]}},"s":{"0":2,"1":2,"2":2,"3":2,"4":2,"5":2,"6":2,"7":2,"8":2,"9":2,"10":2,"11":2,"12":2,"13":2,"14":2,"15":0,"16":0,"17":0,"18":0,"19":2,"20":0,"21":0,"22":0,"23":0,"24":2,"25":0,"26":2,"27":2,"28":2},"f":{"0":2,"1":0,"2":0,"3":0,"4":0,"5":0,"6":0,"7":0},"b":{"0":[0,0],"1":[2,0,0],"2":[2,0,0]}}
,"/home/micael-jerry/MyFolder/L3/PROG5/PROG5-P1/signcraft/signcraft/src/components/auth/authForm/FormBody.tsx": {"path":"/home/micael-jerry/MyFolder/L3/PROG5/PROG5-P1/signcraft/signcraft/src/components/auth/authForm/FormBody.tsx","statementMap":{"0":{"start":{"line":1,"column":0},"end":{"line":1,"column":39}},"1":{"start":{"line":3,"column":0},"end":{"line":3,"column":35}},"2":{"start":{"line":9,"column":49},"end":{"line":26,"column":1}},"3":{"start":{"line":13,"column":1},"end":{"line":25,"column":3}},"4":{"start":{"line":9,"column":13},"end":{"line":9,"column":49}},"5":{"start":{"line":28,"column":0},"end":{"line":30,"column":2}}},"fnMap":{"0":{"name":"(anonymous_1)","decl":{"start":{"line":9,"column":49},"end":{"line":9,"column":50}},"loc":{"start":{"line":12,"column":5},"end":{"line":26,"column":1}}}},"branchMap":{},"s":{"0":2,"1":2,"2":2,"3":0,"4":2,"5":2},"f":{"0":0},"b":{}}
,"/home/micael-jerry/MyFolder/L3/PROG5/PROG5-P1/signcraft/signcraft/src/components/auth/authForm/FormButton.tsx": {"path":"/home/micael-jerry/MyFolder/L3/PROG5/PROG5-P1/signcraft/signcraft/src/components/auth/authForm/FormButton.tsx","statementMap":{"0":{"start":{"line":1,"column":0},"end":{"line":1,"column":49}},"1":{"start":{"line":2,"column":0},"end":{"line":2,"column":35}},"2":{"start":{"line":8,"column":46},"end":{"line":18,"column":1}},"3":{"start":{"line":9,"column":1},"end":{"line":17,"column":3}},"4":{"start":{"line":20,"column":0},"end":{"line":22,"column":2}},"5":{"start":{"line":24,"column":0},"end":{"line":24,"column":26}}},"fnMap":{"0":{"name":"(anonymous_1)","decl":{"start":{"line":8,"column":46},"end":{"line":8,"column":47}},"loc":{"start":{"line":8,"column":62},"end":{"line":18,"column":1}}}},"branchMap":{"0":{"loc":{"start":{"line":11,"column":4},"end":{"line":14,"column":null}},"type":"cond-expr","locations":[{"start":{"line":12,"column":4},"end":{"line":12,"column":40}},{"start":{"line":14,"column":4},"end":{"line":14,"column":42}}]}},"s":{"0":2,"1":2,"2":2,"3":0,"4":2,"5":2},"f":{"0":0},"b":{"0":[0,0]}}
,"/home/micael-jerry/MyFolder/L3/PROG5/PROG5-P1/signcraft/signcraft/src/components/auth/authForm/FormHeader.tsx": {"path":"/home/micael-jerry/MyFolder/L3/PROG5/PROG5-P1/signcraft/signcraft/src/components/auth/authForm/FormHeader.tsx","statementMap":{"0":{"start":{"line":1,"column":0},"end":{"line":1,"column":69}},"1":{"start":{"line":2,"column":0},"end":{"line":2,"column":44}},"2":{"start":{"line":3,"column":0},"end":{"line":3,"column":35}},"3":{"start":{"line":4,"column":0},"end":{"line":4,"column":47}},"4":{"start":{"line":10,"column":53},"end":{"line":37,"column":1}},"5":{"start":{"line":11,"column":18},"end":{"line":11,"column":31}},"6":{"start":{"line":12,"column":1},"end":{"line":36,"column":3}},"7":{"start":{"line":26,"column":27},"end":{"line":26,"column":46}},"8":{"start":{"line":31,"column":27},"end":{"line":31,"column":40}},"9":{"start":{"line":10,"column":13},"end":{"line":10,"column":53}},"10":{"start":{"line":39,"column":0},"end":{"line":41,"column":2}}},"fnMap":{"0":{"name":"(anonymous_1)","decl":{"start":{"line":10,"column":53},"end":{"line":10,"column":54}},"loc":{"start":{"line":10,"column":69},"end":{"line":37,"column":1}}},"1":{"name":"(anonymous_2)","decl":{"start":{"line":26,"column":21},"end":{"line":26,"column":24}},"loc":{"start":{"line":26,"column":27},"end":{"line":26,"column":46}}},"2":{"name":"(anonymous_3)","decl":{"start":{"line":31,"column":21},"end":{"line":31,"column":24}},"loc":{"start":{"line":31,"column":27},"end":{"line":31,"column":40}}}},"branchMap":{"0":{"loc":{"start":{"line":16,"column":5},"end":{"line":21,"column":null}},"type":"cond-expr","locations":[{"start":{"line":17,"column":5},"end":{"line":17,"column":null}},{"start":{"line":21,"column":5},"end":{"line":21,"column":73}}]},"1":{"loc":{"start":{"line":23,"column":5},"end":{"line":32,"column":null}},"type":"cond-expr","locations":[{"start":{"line":24,"column":5},"end":{"line":26,"column":null}},{"start":{"line":29,"column":5},"end":{"line":31,"column":null}}]}},"s":{"0":2,"1":2,"2":2,"3":2,"4":2,"5":0,"6":0,"7":0,"8":0,"9":2,"10":2},"f":{"0":0,"1":0,"2":0},"b":{"0":[0,0],"1":[0,0]}}
,"/home/micael-jerry/MyFolder/L3/PROG5/PROG5-P1/signcraft/signcraft/src/components/auth/fields/EmailField.tsx": {"path":"/home/micael-jerry/MyFolder/L3/PROG5/PROG5-P1/signcraft/signcraft/src/components/auth/fields/EmailField.tsx","statementMap":{"0":{"start":{"line":1,"column":0},"end":{"line":1,"column":77}},"1":{"start":{"line":2,"column":0},"end":{"line":2,"column":35}},"2":{"start":{"line":4,"column":13},"end":{"line":13,"column":2}},"3":{"start":{"line":6,"column":2},"end":{"line":11,"column":4}},"4":{"start":{"line":15,"column":0},"end":{"line":15,"column":38}}},"fnMap":{"0":{"name":"(anonymous_0)","decl":{"start":{"line":5,"column":1},"end":{"line":5,"column":2}},"loc":{"start":{"line":5,"column":16},"end":{"line":12,"column":2}}}},"branchMap":{},"s":{"0":2,"1":2,"2":2,"3":0,"4":2},"f":{"0":0},"b":{}}
,"/home/micael-jerry/MyFolder/L3/PROG5/PROG5-P1/signcraft/signcraft/src/components/auth/fields/PasswordField.tsx": {"path":"/home/micael-jerry/MyFolder/L3/PROG5/PROG5-P1/signcraft/signcraft/src/components/auth/fields/PasswordField.tsx","statementMap":{"0":{"start":{"line":1,"column":0},"end":{"line":1,"column":null}},"1":{"start":{"line":12,"column":0},"end":{"line":12,"column":43}},"2":{"start":{"line":13,"column":0},"end":{"line":13,"column":49}},"3":{"start":{"line":15,"column":13},"end":{"line":53,"column":2}},"4":{"start":{"line":17,"column":31},"end":{"line":17,"column":46}},"5":{"start":{"line":18,"column":19},"end":{"line":18,"column":49}},"6":{"start":{"line":20,"column":19},"end":{"line":20,"column":46}},"7":{"start":{"line":21,"column":24},"end":{"line":26,"column":3}},"8":{"start":{"line":22,"column":3},"end":{"line":22,"column":14}},"9":{"start":{"line":23,"column":3},"end":{"line":25,"column":4}},"10":{"start":{"line":24,"column":4},"end":{"line":24,"column":52}},"11":{"start":{"line":28,"column":2},"end":{"line":51,"column":4}},"12":{"start":{"line":55,"column":0},"end":{"line":55,"column":44}}},"fnMap":{"0":{"name":"(anonymous_0)","decl":{"start":{"line":16,"column":1},"end":{"line":16,"column":2}},"loc":{"start":{"line":16,"column":16},"end":{"line":52,"column":2}}},"1":{"name":"(anonymous_1)","decl":{"start":{"line":21,"column":24},"end":{"line":21,"column":27}},"loc":{"start":{"line":21,"column":29},"end":{"line":26,"column":3}}}},"branchMap":{"0":{"loc":{"start":{"line":23,"column":3},"end":{"line":25,"column":4}},"type":"if","locations":[{"start":{"line":23,"column":3},"end":{"line":25,"column":4}}]},"1":{"loc":{"start":{"line":35,"column":19},"end":{"line":35,"column":63}},"type":"cond-expr","locations":[{"start":{"line":35,"column":28},"end":{"line":35,"column":43}},{"start":{"line":35,"column":46},"end":{"line":35,"column":63}}]},"2":{"loc":{"start":{"line":36,"column":13},"end":{"line":36,"column":46}},"type":"cond-expr","locations":[{"start":{"line":36,"column":22},"end":{"line":36,"column":34}},{"start":{"line":36,"column":37},"end":{"line":36,"column":46}}]},"3":{"loc":{"start":{"line":44,"column":12},"end":{"line":44,"column":40}},"type":"cond-expr","locations":[{"start":{"line":44,"column":21},"end":{"line":44,"column":27}},{"start":{"line":44,"column":30},"end":{"line":44,"column":40}}]}},"s":{"0":2,"1":2,"2":2,"3":2,"4":0,"5":0,"6":0,"7":0,"8":0,"9":0,"10":0,"11":0,"12":2},"f":{"0":0,"1":0},"b":{"0":[0],"1":[0,0],"2":[0,0],"3":[0,0]}}
,"/home/micael-jerry/MyFolder/L3/PROG5/PROG5-P1/signcraft/signcraft/src/components/auth/login/Login.tsx": {"path":"/home/micael-jerry/MyFolder/L3/PROG5/PROG5-P1/signcraft/signcraft/src/components/auth/login/Login.tsx","statementMap":{"0":{"start":{"line":1,"column":0},"end":{"line":1,"column":31}},"1":{"start":{"line":3,"column":14},"end":{"line":5,"column":1}},"2":{"start":{"line":4,"column":1},"end":{"line":4,"column":32}},"3":{"start":{"line":7,"column":0},"end":{"line":7,"column":21}}},"fnMap":{"0":{"name":"(anonymous_0)","decl":{"start":{"line":3,"column":14},"end":{"line":3,"column":17}},"loc":{"start":{"line":3,"column":19},"end":{"line":5,"column":1}}}},"branchMap":{},"s":{"0":1,"1":1,"2":2,"3":1},"f":{"0":2},"b":{}}
,"/home/micael-jerry/MyFolder/L3/PROG5/PROG5-P1/signcraft/signcraft/src/components/history/History.tsx": {"path":"/home/micael-jerry/MyFolder/L3/PROG5/PROG5-P1/signcraft/signcraft/src/components/history/History.tsx","statementMap":{"0":{"start":{"line":1,"column":0},"end":{"line":1,"column":null}},"1":{"start":{"line":7,"column":0},"end":{"line":7,"column":56}},"2":{"start":{"line":8,"column":0},"end":{"line":8,"column":58}},"3":{"start":{"line":9,"column":0},"end":{"line":9,"column":null}},"4":{"start":{"line":20,"column":0},"end":{"line":20,"column":50}},"5":{"start":{"line":23,"column":25},"end":{"line":23,"column":48}},"6":{"start":{"line":24,"column":27},"end":{"line":24,"column":59}},"7":{"start":{"line":26,"column":22},"end":{"line":28,"column":2}},"8":{"start":{"line":27,"column":2},"end":{"line":27,"column":43}},"9":{"start":{"line":30,"column":18},"end":{"line":38,"column":2}},"10":{"start":{"line":31,"column":2},"end":{"line":37,"column":6}},"11":{"start":{"line":33,"column":4},"end":{"line":33,"column":22}},"12":{"start":{"line":36,"column":4},"end":{"line":36,"column":23}},"13":{"start":{"line":40,"column":1},"end":{"line":50,"column":19}},"14":{"start":{"line":41,"column":20},"end":{"line":41,"column":64}},"15":{"start":{"line":42,"column":2},"end":{"line":49,"column":6}},"16":{"start":{"line":44,"column":22},"end":{"line":44,"column":31}},"17":{"start":{"line":45,"column":4},"end":{"line":45,"column":24}},"18":{"start":{"line":48,"column":4},"end":{"line":48,"column":50}},"19":{"start":{"line":52,"column":1},"end":{"line":52,"column":23}},"20":{"start":{"line":53,"column":1},"end":{"line":76,"column":3}},"21":{"start":{"line":64,"column":6},"end":{"line":64,"column":null}},"22":{"start":{"line":67,"column":31},"end":{"line":67,"column":54}},"23":{"start":{"line":22,"column":0},"end":{"line":22,"column":16}}},"fnMap":{"0":{"name":"History","decl":{"start":{"line":22,"column":16},"end":{"line":22,"column":23}},"loc":{"start":{"line":22,"column":23},"end":{"line":77,"column":1}}},"1":{"name":"(anonymous_1)","decl":{"start":{"line":26,"column":22},"end":{"line":26,"column":23}},"loc":{"start":{"line":26,"column":30},"end":{"line":28,"column":2}}},"2":{"name":"(anonymous_2)","decl":{"start":{"line":30,"column":18},"end":{"line":30,"column":19}},"loc":{"start":{"line":30,"column":35},"end":{"line":38,"column":2}}},"3":{"name":"(anonymous_3)","decl":{"start":{"line":32,"column":9},"end":{"line":32,"column":10}},"loc":{"start":{"line":32,"column":17},"end":{"line":34,"column":4}}},"4":{"name":"(anonymous_4)","decl":{"start":{"line":35,"column":10},"end":{"line":35,"column":11}},"loc":{"start":{"line":35,"column":20},"end":{"line":37,"column":4}}},"5":{"name":"(anonymous_5)","decl":{"start":{"line":40,"column":11},"end":{"line":40,"column":14}},"loc":{"start":{"line":40,"column":16},"end":{"line":50,"column":2}}},"6":{"name":"(anonymous_6)","decl":{"start":{"line":43,"column":9},"end":{"line":43,"column":10}},"loc":{"start":{"line":43,"column":17},"end":{"line":46,"column":4}}},"7":{"name":"(anonymous_7)","decl":{"start":{"line":47,"column":10},"end":{"line":47,"column":11}},"loc":{"start":{"line":47,"column":20},"end":{"line":49,"column":4}}},"8":{"name":"(anonymous_8)","decl":{"start":{"line":63,"column":16},"end":{"line":63,"column":17}},"loc":{"start":{"line":64,"column":6},"end":{"line":64,"column":null}}},"9":{"name":"(anonymous_9)","decl":{"start":{"line":67,"column":25},"end":{"line":67,"column":28}},"loc":{"start":{"line":67,"column":31},"end":{"line":67,"column":54}}}},"branchMap":{},"s":{"0":1,"1":1,"2":1,"3":1,"4":1,"5":4,"6":4,"7":4,"8":0,"9":4,"10":0,"11":0,"12":0,"13":4,"14":2,"15":2,"16":1,"17":1,"18":1,"19":4,"20":4,"21":2,"22":0,"23":1},"f":{"0":4,"1":0,"2":0,"3":0,"4":0,"5":2,"6":1,"7":1,"8":2,"9":0},"b":{}}
,"/home/micael-jerry/MyFolder/L3/PROG5/PROG5-P1/signcraft/signcraft/src/security/AuthProvider.tsx": {"path":"/home/micael-jerry/MyFolder/L3/PROG5/PROG5-P1/signcraft/signcraft/src/security/AuthProvider.tsx","statementMap":{"0":{"start":{"line":2,"column":0},"end":{"line":2,"column":59}},"1":{"start":{"line":4,"column":0},"end":{"line":4,"column":35}},"2":{"start":{"line":5,"column":0},"end":{"line":5,"column":44}},"3":{"start":{"line":7,"column":13},"end":{"line":11,"column":3}},"4":{"start":{"line":16,"column":50},"end":{"line":33,"column":1}},"5":{"start":{"line":17,"column":39},"end":{"line":17,"column":66}},"6":{"start":{"line":18,"column":1},"end":{"line":18,"column":26}},"7":{"start":{"line":20,"column":1},"end":{"line":26,"column":8}},"8":{"start":{"line":21,"column":22},"end":{"line":23,"column":4}},"9":{"start":{"line":22,"column":3},"end":{"line":22,"column":24}},"10":{"start":{"line":25,"column":2},"end":{"line":25,"column":21}},"11":{"start":{"line":28,"column":1},"end":{"line":32,"column":3}},"12":{"start":{"line":35,"column":0},"end":{"line":37,"column":2}},"13":{"start":{"line":39,"column":0},"end":{"line":39,"column":28}}},"fnMap":{"0":{"name":"(anonymous_1)","decl":{"start":{"line":16,"column":50},"end":{"line":16,"column":51}},"loc":{"start":{"line":16,"column":67},"end":{"line":33,"column":1}}},"1":{"name":"(anonymous_2)","decl":{"start":{"line":20,"column":11},"end":{"line":20,"column":14}},"loc":{"start":{"line":20,"column":16},"end":{"line":26,"column":2}}},"2":{"name":"(anonymous_3)","decl":{"start":{"line":21,"column":46},"end":{"line":21,"column":47}},"loc":{"start":{"line":21,"column":55},"end":{"line":23,"column":3}}}},"branchMap":{},"s":{"0":1,"1":1,"2":1,"3":1,"4":1,"5":0,"6":0,"7":0,"8":0,"9":0,"10":0,"11":0,"12":1,"13":1},"f":{"0":0,"1":0,"2":0},"b":{}}
,"/home/micael-jerry/MyFolder/L3/PROG5/PROG5-P1/signcraft/signcraft/src/utils/routes.ts": {"path":"/home/micael-jerry/MyFolder/L3/PROG5/PROG5-P1/signcraft/signcraft/src/utils/routes.ts","statementMap":{"0":{"start":{"line":2,"column":13},"end":{"line":2,"column":30}},"1":{"start":{"line":4,"column":13},"end":{"line":4,"column":36}},"2":{"start":{"line":5,"column":13},"end":{"line":5,"column":38}},"3":{"start":{"line":7,"column":13},"end":{"line":7,"column":34}},"4":{"start":{"line":8,"column":13},"end":{"line":8,"column":41}}},"fnMap":{},"branchMap":{},"s":{"0":3,"1":3,"2":3,"3":3,"4":3},"f":{},"b":{}}
,"/home/micael-jerry/MyFolder/L3/PROG5/PROG5-P1/signcraft/signcraft/src/utils/yupSchema.ts": {"path":"/home/micael-jerry/MyFolder/L3/PROG5/PROG5-P1/signcraft/signcraft/src/utils/yupSchema.ts","statementMap":{"0":{"start":{"line":1,"column":0},"end":{"line":1,"column":37}},"1":{"start":{"line":3,"column":13},"end":{"line":11,"column":3}}},"fnMap":{},"branchMap":{},"s":{"0":2,"1":2},"f":{},"b":{}}
}
