TN:
SF:src/components/Navbar.tsx
FN:8,(anonymous_1)
FN:22,(anonymous_2)
FN:54,(anonymous_3)
FNF:3
FNH:1
FNDA:0,(anonymous_1)
FNDA:4,(anonymous_2)
FNDA:0,(anonymous_3)
DA:1,1
DA:2,1
DA:3,1
DA:4,1
DA:5,1
DA:6,1
DA:8,1
DA:9,0
DA:10,0
DA:22,1
DA:23,4
DA:54,0
DA:75,1
DA:81,1
LF:14
LH:11
BRDA:9,0,0,0
BRDA:12,1,0,0
BRDA:12,1,1,0
BRDA:13,2,0,0
BRDA:13,2,1,0
BRF:5
BRH:0
end_of_record
TN:
SF:src/components/auth/Auth.tsx
FN:24,(anonymous_1)
FN:26,(anonymous_2)
FN:28,(anonymous_3)
FN:32,(anonymous_4)
FN:34,(anonymous_5)
FN:36,(anonymous_6)
FN:40,(anonymous_7)
FN:49,(anonymous_8)
FNF:8
FNH:1
FNDA:2,(anonymous_1)
FNDA:0,(anonymous_2)
FNDA:0,(anonymous_3)
FNDA:0,(anonymous_4)
FNDA:0,(anonymous_5)
FNDA:0,(anonymous_6)
FNDA:0,(anonymous_7)
FNDA:0,(anonymous_8)
DA:1,2
DA:2,2
DA:3,2
DA:4,2
DA:5,2
DA:6,2
DA:7,2
DA:8,2
DA:9,2
DA:12,2
DA:13,2
DA:14,2
DA:24,2
DA:25,2
DA:26,2
DA:27,0
DA:29,0
DA:30,0
DA:32,0
DA:34,2
DA:35,0
DA:37,0
DA:38,0
DA:40,0
DA:43,2
DA:50,0
DA:54,2
DA:88,2
LF:28
LH:19
BRDA:50,0,0,0
BRDA:50,0,1,0
BRDA:69,1,0,2
BRDA:69,1,1,0
BRDA:69,1,2,0
BRDA:76,2,0,2
BRDA:76,2,1,0
BRDA:76,2,2,0
BRF:8
BRH:2
end_of_record
TN:
SF:src/components/auth/authForm/FormBody.tsx
FN:9,(anonymous_1)
FNF:1
FNH:0
FNDA:0,(anonymous_1)
DA:1,2
DA:3,2
DA:9,2
DA:13,0
DA:28,2
LF:5
LH:4
BRF:0
BRH:0
end_of_record
TN:
SF:src/components/auth/authForm/FormButton.tsx
FN:8,(anonymous_1)
FNF:1
FNH:0
FNDA:0,(anonymous_1)
DA:1,2
DA:2,2
DA:8,2
DA:9,0
DA:20,2
DA:24,2
LF:6
LH:5
BRDA:11,0,0,0
BRDA:11,0,1,0
BRF:2
BRH:0
end_of_record
TN:
SF:src/components/auth/authForm/FormHeader.tsx
FN:10,(anonymous_1)
FN:26,(anonymous_2)
FN:31,(anonymous_3)
FNF:3
FNH:0
FNDA:0,(anonymous_1)
FNDA:0,(anonymous_2)
FNDA:0,(anonymous_3)
DA:1,2
DA:2,2
DA:3,2
DA:4,2
DA:10,2
DA:11,0
DA:12,0
DA:26,0
DA:31,0
DA:39,2
LF:10
LH:6
BRDA:16,0,0,0
BRDA:16,0,1,0
BRDA:23,1,0,0
BRDA:23,1,1,0
BRF:4
BRH:0
end_of_record
TN:
SF:src/components/auth/fields/EmailField.tsx
FN:5,(anonymous_0)
FNF:1
FNH:0
FNDA:0,(anonymous_0)
DA:1,2
DA:2,2
DA:4,2
DA:6,0
DA:15,2
LF:5
LH:4
BRF:0
BRH:0
end_of_record
TN:
SF:src/components/auth/fields/PasswordField.tsx
FN:16,(anonymous_0)
FN:21,(anonymous_1)
FNF:2
FNH:0
FNDA:0,(anonymous_0)
FNDA:0,(anonymous_1)
DA:1,2
DA:12,2
DA:13,2
DA:15,2
DA:17,0
DA:18,0
DA:20,0
DA:21,0
DA:22,0
DA:23,0
DA:24,0
DA:28,0
DA:55,2
LF:13
LH:5
BRDA:23,0,0,0
BRDA:35,1,0,0
BRDA:35,1,1,0
BRDA:36,2,0,0
BRDA:36,2,1,0
BRDA:44,3,0,0
BRDA:44,3,1,0
BRF:7
BRH:0
end_of_record
TN:
SF:src/components/auth/login/Login.tsx
FN:3,(anonymous_0)
FNF:1
FNH:1
FNDA:2,(anonymous_0)
DA:1,1
DA:3,1
DA:4,2
DA:7,1
LF:4
LH:4
BRF:0
BRH:0
end_of_record
TN:
SF:src/components/history/History.tsx
FN:22,History
FN:26,(anonymous_1)
FN:30,(anonymous_2)
FN:32,(anonymous_3)
FN:35,(anonymous_4)
FN:40,(anonymous_5)
FN:43,(anonymous_6)
FN:47,(anonymous_7)
FN:63,(anonymous_8)
FN:67,(anonymous_9)
FNF:10
FNH:5
FNDA:4,History
FNDA:0,(anonymous_1)
FNDA:0,(anonymous_2)
FNDA:0,(anonymous_3)
FNDA:0,(anonymous_4)
FNDA:2,(anonymous_5)
FNDA:1,(anonymous_6)
FNDA:1,(anonymous_7)
FNDA:2,(anonymous_8)
FNDA:0,(anonymous_9)
DA:1,1
DA:7,1
DA:8,1
DA:9,1
DA:20,1
DA:22,1
DA:23,4
DA:24,4
DA:26,4
DA:27,0
DA:30,4
DA:31,0
DA:33,0
DA:36,0
DA:40,4
DA:41,2
DA:42,2
DA:44,1
DA:45,1
DA:48,1
DA:52,4
DA:53,4
DA:64,2
DA:67,0
LF:24
LH:19
BRF:0
BRH:0
end_of_record
TN:
SF:src/security/AuthProvider.tsx
FN:16,(anonymous_1)
FN:20,(anonymous_2)
FN:21,(anonymous_3)
FNF:3
FNH:0
FNDA:0,(anonymous_1)
FNDA:0,(anonymous_2)
FNDA:0,(anonymous_3)
DA:2,1
DA:4,1
DA:5,1
DA:7,1
DA:16,1
DA:17,0
DA:18,0
DA:20,0
DA:21,0
DA:22,0
DA:25,0
DA:28,0
DA:35,1
DA:39,1
LF:14
LH:7
BRF:0
BRH:0
end_of_record
TN:
SF:src/utils/routes.ts
FNF:0
FNH:0
DA:2,3
DA:4,3
DA:5,3
DA:7,3
DA:8,3
LF:5
LH:5
BRF:0
BRH:0
end_of_record
TN:
SF:src/utils/yupSchema.ts
FNF:0
FNH:0
DA:1,2
DA:3,2
LF:2
LH:2
BRF:0
BRH:0
end_of_record
