TN:
SF:src/components/Navbar.tsx
FN:8,(anonymous_1)
FN:22,(anonymous_2)
FN:54,(anonymous_3)
FNF:3
FNH:1
FNDA:0,(anonymous_1)
FNDA:4,(anonymous_2)
FNDA:0,(anonymous_3)
DA:1,1
DA:2,1
DA:3,1
DA:4,1
DA:5,1
DA:6,1
DA:8,1
DA:9,0
DA:10,0
DA:22,1
DA:23,4
DA:54,0
DA:75,1
DA:81,1
LF:14
LH:11
BRDA:9,0,0,0
BRDA:12,1,0,0
BRDA:12,1,1,0
BRDA:13,2,0,0
BRDA:13,2,1,0
BRF:5
BRH:0
end_of_record
TN:
SF:src/components/history/History.tsx
FN:22,History
FN:26,(anonymous_1)
FN:30,(anonymous_2)
FN:32,(anonymous_3)
FN:35,(anonymous_4)
FN:40,(anonymous_5)
FN:43,(anonymous_6)
FN:47,(anonymous_7)
FN:63,(anonymous_8)
FN:67,(anonymous_9)
FNF:10
FNH:5
FNDA:6,History
FNDA:0,(anonymous_1)
FNDA:0,(anonymous_2)
FNDA:0,(anonymous_3)
FNDA:0,(anonymous_4)
FNDA:2,(anonymous_5)
FNDA:1,(anonymous_6)
FNDA:1,(anonymous_7)
FNDA:4,(anonymous_8)
FNDA:0,(anonymous_9)
DA:1,1
DA:7,1
DA:8,1
DA:9,1
DA:20,1
DA:22,1
DA:23,6
DA:24,6
DA:26,5
DA:27,0
DA:30,5
DA:31,0
DA:33,0
DA:36,0
DA:40,5
DA:41,2
DA:42,2
DA:44,1
DA:45,1
DA:48,1
DA:52,5
DA:53,5
DA:64,4
DA:67,0
LF:24
LH:19
BRF:0
BRH:0
end_of_record
TN:
SF:src/security/AuthProvider.tsx
FN:16,(anonymous_1)
FN:20,(anonymous_2)
FN:21,(anonymous_3)
FNF:3
FNH:0
FNDA:0,(anonymous_1)
FNDA:0,(anonymous_2)
FNDA:0,(anonymous_3)
DA:2,1
DA:4,1
DA:5,1
DA:7,1
DA:16,1
DA:17,0
DA:18,0
DA:20,0
DA:21,0
DA:22,0
DA:25,0
DA:28,0
DA:35,1
DA:39,1
LF:14
LH:7
BRF:0
BRH:0
end_of_record
TN:
SF:src/utils/routes.ts
FNF:0
FNH:0
DA:2,1
DA:4,1
DA:5,1
DA:7,1
DA:8,1
LF:5
LH:5
BRF:0
BRH:0
end_of_record
